2025-12-29 23:13:55,706 [INFO] Application starting
2025-12-29 23:13:55,744 [INFO] Screen 0: name=\\.\DISPLAY1 geometry=PyQt5.QtCore.QRect(0, 0, 3840, 2160)
2025-12-29 23:13:55,747 [INFO] Window flags set to Frameless + StayOnTop + Window (not Tool) to accept input reliably
2025-12-29 23:13:55,748 [INFO] Overlay geometry set to union of screens: PyQt5.QtCore.QRect(0, 0, 3840, 2160)
2025-12-29 23:13:55,749 [INFO] Overlay shown; raised and activated
2025-12-29 23:13:55,882 [INFO] Starting global hotkeys listener
2025-12-29 23:13:55,925 [INFO] Entering Qt event loop
2025-12-29 23:13:55,926 [INFO] focusInEvent: overlay focused
2025-12-29 23:13:57,500 [INFO] enterEvent: mouse entered overlay
2025-12-29 23:13:59,428 [INFO] mousePressEvent: button=1 globalPos=PyQt5.QtCore.QPoint(3224, 227) localPos=PyQt5.QtCore.QPoint(3224, 227)
2025-12-29 23:13:59,570 [INFO] mouseMoveEvent while dragging: globalPos=PyQt5.QtCore.QPoint(3225, 230) localPos=PyQt5.QtCore.QPoint(3225, 230)
2025-12-29 23:13:59,575 [INFO] paintEvent: drawing rect PyQt5.QtCore.QRect(3224, 227, 2, 4)
2025-12-29 23:13:59,586 [INFO] mouseMoveEvent while dragging: globalPos=PyQt5.QtCore.QPoint(3230, 238) localPos=PyQt5.QtCore.QPoint(3230, 238)
2025-12-29 23:13:59,589 [INFO] paintEvent: drawing rect PyQt5.QtCore.QRect(3224, 227, 7, 12)
2025-12-29 23:13:59,599 [INFO] mouseMoveEvent while dragging: globalPos=PyQt5.QtCore.QPoint(3234, 244) localPos=PyQt5.QtCore.QPoint(3234, 244)
2025-12-29 23:13:59,599 [INFO] mouseMoveEvent while dragging: globalPos=PyQt5.QtCore.QPoint(3238, 249) localPos=PyQt5.QtCore.QPoint(3238, 249)
2025-12-29 23:13:59,601 [INFO] paintEvent: drawing rect PyQt5.QtCore.QRect(3224, 227, 15, 23)
2025-12-29 23:13:59,608 [INFO] mouseMoveEvent while dragging: globalPos=PyQt5.QtCore.QPoint(3252, 264) localPos=PyQt5.QtCore.QPoint(3252, 264)
2025-12-29 23:13:59,610 [INFO] paintEvent: drawing rect PyQt5.QtCore.QRect(3224, 227, 29, 38)
2025-12-29 23:13:59,616 [INFO] mouseMoveEvent while dragging: globalPos=PyQt5.QtCore.QPoint(3259, 271) localPos=PyQt5.QtCore.QPoint(3259, 271)
2025-12-29 23:13:59,618 [INFO] paintEvent: drawing rect PyQt5.QtCore.QRect(3224, 227, 36, 45)
2025-12-29 23:13:59,629 [INFO] mouseMoveEvent while dragging: globalPos=PyQt5.QtCore.QPoint(3266, 279) localPos=PyQt5.QtCore.QPoint(3266, 279)
2025-12-29 23:13:59,629 [INFO] mouseMoveEvent while dragging: globalPos=PyQt5.QtCore.QPoint(3286, 305) localPos=PyQt5.QtCore.QPoint(3286, 305)
2025-12-29 23:13:59,632 [INFO] paintEvent: drawing rect PyQt5.QtCore.QRect(3224, 227, 63, 79)
2025-12-29 23:13:59,647 [INFO] mouseMoveEvent while dragging: globalPos=PyQt5.QtCore.QPoint(3296, 318) localPos=PyQt5.QtCore.QPoint(3296, 318)
2025-12-29 23:13:59,648 [INFO] mouseMoveEvent while dragging: globalPos=PyQt5.QtCore.QPoint(3306, 333) localPos=PyQt5.QtCore.QPoint(3306, 333)
2025-12-29 23:13:59,651 [INFO] paintEvent: drawing rect PyQt5.QtCore.QRect(3224, 227, 83, 107)
2025-12-29 23:13:59,665 [INFO] mouseMoveEvent while dragging: globalPos=PyQt5.QtCore.QPoint(3334, 376) localPos=PyQt5.QtCore.QPoint(3334, 376)
2025-12-29 23:13:59,665 [INFO] mouseMoveEvent while dragging: globalPos=PyQt5.QtCore.QPoint(3344, 393) localPos=PyQt5.QtCore.QPoint(3344, 393)
2025-12-29 23:13:59,668 [INFO] paintEvent: drawing rect PyQt5.QtCore.QRect(3224, 227, 121, 167)
2025-12-29 23:13:59,680 [INFO] mouseMoveEvent while dragging: globalPos=PyQt5.QtCore.QPoint(3372, 442) localPos=PyQt5.QtCore.QPoint(3372, 442)
2025-12-29 23:13:59,680 [INFO] mouseMoveEvent while dragging: globalPos=PyQt5.QtCore.QPoint(3382, 459) localPos=PyQt5.QtCore.QPoint(3382, 459)
2025-12-29 23:13:59,683 [INFO] paintEvent: drawing rect PyQt5.QtCore.QRect(3224, 227, 159, 233)
2025-12-29 23:13:59,696 [INFO] mouseMoveEvent while dragging: globalPos=PyQt5.QtCore.QPoint(3394, 476) localPos=PyQt5.QtCore.QPoint(3394, 476)
2025-12-29 23:13:59,696 [INFO] mouseMoveEvent while dragging: globalPos=PyQt5.QtCore.QPoint(3423, 517) localPos=PyQt5.QtCore.QPoint(3423, 517)
2025-12-29 23:13:59,701 [INFO] paintEvent: drawing rect PyQt5.QtCore.QRect(3224, 227, 200, 291)
2025-12-29 23:13:59,714 [INFO] mouseMoveEvent while dragging: globalPos=PyQt5.QtCore.QPoint(3433, 531) localPos=PyQt5.QtCore.QPoint(3433, 531)
2025-12-29 23:13:59,714 [INFO] mouseMoveEvent while dragging: globalPos=PyQt5.QtCore.QPoint(3443, 544) localPos=PyQt5.QtCore.QPoint(3443, 544)
2025-12-29 23:13:59,717 [INFO] paintEvent: drawing rect PyQt5.QtCore.QRect(3224, 227, 220, 318)
2025-12-29 23:13:59,729 [INFO] mouseMoveEvent while dragging: globalPos=PyQt5.QtCore.QPoint(3464, 576) localPos=PyQt5.QtCore.QPoint(3464, 576)
2025-12-29 23:13:59,734 [INFO] paintEvent: drawing rect PyQt5.QtCore.QRect(3224, 227, 241, 350)
2025-12-29 23:13:59,744 [INFO] mouseMoveEvent while dragging: globalPos=PyQt5.QtCore.QPoint(3472, 587) localPos=PyQt5.QtCore.QPoint(3472, 587)
2025-12-29 23:13:59,746 [INFO] paintEvent: drawing rect PyQt5.QtCore.QRect(3224, 227, 249, 361)
2025-12-29 23:13:59,753 [INFO] mouseMoveEvent while dragging: globalPos=PyQt5.QtCore.QPoint(3498, 624) localPos=PyQt5.QtCore.QPoint(3498, 624)
2025-12-29 23:13:59,757 [INFO] paintEvent: drawing rect PyQt5.QtCore.QRect(3224, 227, 275, 398)
2025-12-29 23:13:59,767 [INFO] mouseMoveEvent while dragging: globalPos=PyQt5.QtCore.QPoint(3504, 633) localPos=PyQt5.QtCore.QPoint(3504, 633)
2025-12-29 23:13:59,770 [INFO] paintEvent: drawing rect PyQt5.QtCore.QRect(3224, 227, 281, 407)
2025-12-29 23:13:59,778 [INFO] mouseMoveEvent while dragging: globalPos=PyQt5.QtCore.QPoint(3528, 663) localPos=PyQt5.QtCore.QPoint(3528, 663)
2025-12-29 23:13:59,782 [INFO] paintEvent: drawing rect PyQt5.QtCore.QRect(3224, 227, 305, 437)
2025-12-29 23:13:59,789 [INFO] mouseMoveEvent while dragging: globalPos=PyQt5.QtCore.QPoint(3536, 672) localPos=PyQt5.QtCore.QPoint(3536, 672)
2025-12-29 23:13:59,789 [INFO] mouseMoveEvent while dragging: globalPos=PyQt5.QtCore.QPoint(3548, 689) localPos=PyQt5.QtCore.QPoint(3548, 689)
2025-12-29 23:13:59,792 [INFO] paintEvent: drawing rect PyQt5.QtCore.QRect(3224, 227, 325, 463)
2025-12-29 23:13:59,797 [INFO] mouseMoveEvent while dragging: globalPos=PyQt5.QtCore.QPoint(3554, 696) localPos=PyQt5.QtCore.QPoint(3554, 696)
2025-12-29 23:13:59,799 [INFO] paintEvent: drawing rect PyQt5.QtCore.QRect(3224, 227, 331, 470)
2025-12-29 23:13:59,809 [INFO] mouseMoveEvent while dragging: globalPos=PyQt5.QtCore.QPoint(3558, 703) localPos=PyQt5.QtCore.QPoint(3558, 703)
2025-12-29 23:13:59,810 [INFO] paintEvent: drawing rect PyQt5.QtCore.QRect(3224, 227, 335, 477)
2025-12-29 23:13:59,818 [INFO] mouseMoveEvent while dragging: globalPos=PyQt5.QtCore.QPoint(3568, 718) localPos=PyQt5.QtCore.QPoint(3568, 718)
2025-12-29 23:13:59,821 [INFO] paintEvent: drawing rect PyQt5.QtCore.QRect(3224, 227, 345, 492)
2025-12-29 23:13:59,827 [INFO] mouseMoveEvent while dragging: globalPos=PyQt5.QtCore.QPoint(3572, 723) localPos=PyQt5.QtCore.QPoint(3572, 723)
2025-12-29 23:13:59,830 [INFO] paintEvent: drawing rect PyQt5.QtCore.QRect(3224, 227, 349, 497)
2025-12-29 23:13:59,835 [INFO] mouseMoveEvent while dragging: globalPos=PyQt5.QtCore.QPoint(3584, 743) localPos=PyQt5.QtCore.QPoint(3584, 743)
2025-12-29 23:13:59,838 [INFO] paintEvent: drawing rect PyQt5.QtCore.QRect(3224, 227, 361, 517)
2025-12-29 23:13:59,844 [INFO] mouseMoveEvent while dragging: globalPos=PyQt5.QtCore.QPoint(3590, 750) localPos=PyQt5.QtCore.QPoint(3590, 750)
2025-12-29 23:13:59,847 [INFO] paintEvent: drawing rect PyQt5.QtCore.QRect(3224, 227, 367, 524)
2025-12-29 23:13:59,858 [INFO] mouseMoveEvent while dragging: globalPos=PyQt5.QtCore.QPoint(3600, 765) localPos=PyQt5.QtCore.QPoint(3600, 765)
2025-12-29 23:13:59,864 [INFO] paintEvent: drawing rect PyQt5.QtCore.QRect(3224, 227, 377, 539)
2025-12-29 23:13:59,875 [INFO] mouseMoveEvent while dragging: globalPos=PyQt5.QtCore.QPoint(3606, 777) localPos=PyQt5.QtCore.QPoint(3606, 777)
2025-12-29 23:13:59,878 [INFO] paintEvent: drawing rect PyQt5.QtCore.QRect(3224, 227, 383, 551)
2025-12-29 23:13:59,889 [INFO] mouseMoveEvent while dragging: globalPos=PyQt5.QtCore.QPoint(3615, 795) localPos=PyQt5.QtCore.QPoint(3615, 795)
2025-12-29 23:13:59,893 [INFO] paintEvent: drawing rect PyQt5.QtCore.QRect(3224, 227, 392, 569)
2025-12-29 23:13:59,905 [INFO] mouseMoveEvent while dragging: globalPos=PyQt5.QtCore.QPoint(3617, 798) localPos=PyQt5.QtCore.QPoint(3617, 798)
2025-12-29 23:13:59,908 [INFO] paintEvent: drawing rect PyQt5.QtCore.QRect(3224, 227, 394, 572)
2025-12-29 23:13:59,921 [INFO] mouseMoveEvent while dragging: globalPos=PyQt5.QtCore.QPoint(3621, 809) localPos=PyQt5.QtCore.QPoint(3621, 809)
2025-12-29 23:13:59,928 [INFO] paintEvent: drawing rect PyQt5.QtCore.QRect(3224, 227, 398, 583)
2025-12-29 23:13:59,940 [INFO] mouseMoveEvent while dragging: globalPos=PyQt5.QtCore.QPoint(3625, 822) localPos=PyQt5.QtCore.QPoint(3625, 822)
2025-12-29 23:13:59,942 [INFO] mouseMoveEvent while dragging: globalPos=PyQt5.QtCore.QPoint(3625, 825) localPos=PyQt5.QtCore.QPoint(3625, 825)
2025-12-29 23:13:59,945 [INFO] paintEvent: drawing rect PyQt5.QtCore.QRect(3224, 227, 402, 599)
2025-12-29 23:13:59,956 [INFO] mouseMoveEvent while dragging: globalPos=PyQt5.QtCore.QPoint(3625, 837) localPos=PyQt5.QtCore.QPoint(3625, 837)
2025-12-29 23:13:59,960 [INFO] paintEvent: drawing rect PyQt5.QtCore.QRect(3224, 227, 402, 611)
2025-12-29 23:13:59,969 [INFO] mouseMoveEvent while dragging: globalPos=PyQt5.QtCore.QPoint(3626, 853) localPos=PyQt5.QtCore.QPoint(3626, 853)
2025-12-29 23:13:59,972 [INFO] paintEvent: drawing rect PyQt5.QtCore.QRect(3224, 227, 403, 627)
2025-12-29 23:13:59,980 [INFO] mouseMoveEvent while dragging: globalPos=PyQt5.QtCore.QPoint(3626, 859) localPos=PyQt5.QtCore.QPoint(3626, 859)
2025-12-29 23:13:59,983 [INFO] paintEvent: drawing rect PyQt5.QtCore.QRect(3224, 227, 403, 633)
2025-12-29 23:13:59,990 [INFO] mouseMoveEvent while dragging: globalPos=PyQt5.QtCore.QPoint(3626, 887) localPos=PyQt5.QtCore.QPoint(3626, 887)
2025-12-29 23:13:59,995 [INFO] paintEvent: drawing rect PyQt5.QtCore.QRect(3224, 227, 403, 661)
2025-12-29 23:14:00,006 [INFO] mouseMoveEvent while dragging: globalPos=PyQt5.QtCore.QPoint(3626, 897) localPos=PyQt5.QtCore.QPoint(3626, 897)
2025-12-29 23:14:00,010 [INFO] paintEvent: drawing rect PyQt5.QtCore.QRect(3224, 227, 403, 671)
2025-12-29 23:14:00,017 [INFO] mouseMoveEvent while dragging: globalPos=PyQt5.QtCore.QPoint(3628, 939) localPos=PyQt5.QtCore.QPoint(3628, 939)
2025-12-29 23:14:00,020 [INFO] paintEvent: drawing rect PyQt5.QtCore.QRect(3224, 227, 405, 713)
2025-12-29 23:14:00,030 [INFO] mouseMoveEvent while dragging: globalPos=PyQt5.QtCore.QPoint(3628, 949) localPos=PyQt5.QtCore.QPoint(3628, 949)
2025-12-29 23:14:00,033 [INFO] paintEvent: drawing rect PyQt5.QtCore.QRect(3224, 227, 405, 723)
2025-12-29 23:14:00,045 [INFO] mouseMoveEvent while dragging: globalPos=PyQt5.QtCore.QPoint(3628, 981) localPos=PyQt5.QtCore.QPoint(3628, 981)
2025-12-29 23:14:00,048 [INFO] paintEvent: drawing rect PyQt5.QtCore.QRect(3224, 227, 405, 755)
2025-12-29 23:14:00,063 [INFO] mouseMoveEvent while dragging: globalPos=PyQt5.QtCore.QPoint(3628, 1011) localPos=PyQt5.QtCore.QPoint(3628, 1011)
2025-12-29 23:14:00,065 [INFO] paintEvent: drawing rect PyQt5.QtCore.QRect(3224, 227, 405, 785)
2025-12-29 23:14:00,078 [INFO] mouseMoveEvent while dragging: globalPos=PyQt5.QtCore.QPoint(3631, 1032) localPos=PyQt5.QtCore.QPoint(3631, 1032)
2025-12-29 23:14:00,083 [INFO] paintEvent: drawing rect PyQt5.QtCore.QRect(3224, 227, 408, 806)
2025-12-29 23:14:00,097 [INFO] mouseMoveEvent while dragging: globalPos=PyQt5.QtCore.QPoint(3637, 1068) localPos=PyQt5.QtCore.QPoint(3637, 1068)
2025-12-29 23:14:00,100 [INFO] paintEvent: drawing rect PyQt5.QtCore.QRect(3224, 227, 414, 842)
2025-12-29 23:14:00,112 [INFO] mouseMoveEvent while dragging: globalPos=PyQt5.QtCore.QPoint(3648, 1102) localPos=PyQt5.QtCore.QPoint(3648, 1102)
2025-12-29 23:14:00,116 [INFO] paintEvent: drawing rect PyQt5.QtCore.QRect(3224, 227, 425, 876)
2025-12-29 23:14:00,131 [INFO] mouseMoveEvent while dragging: globalPos=PyQt5.QtCore.QPoint(3657, 1129) localPos=PyQt5.QtCore.QPoint(3657, 1129)
2025-12-29 23:14:00,135 [INFO] paintEvent: drawing rect PyQt5.QtCore.QRect(3224, 227, 434, 903)
2025-12-29 23:14:00,148 [INFO] mouseMoveEvent while dragging: globalPos=PyQt5.QtCore.QPoint(3669, 1153) localPos=PyQt5.QtCore.QPoint(3669, 1153)
2025-12-29 23:14:00,153 [INFO] paintEvent: drawing rect PyQt5.QtCore.QRect(3224, 227, 446, 927)
2025-12-29 23:14:00,168 [INFO] mouseMoveEvent while dragging: globalPos=PyQt5.QtCore.QPoint(3671, 1162) localPos=PyQt5.QtCore.QPoint(3671, 1162)
2025-12-29 23:14:00,170 [INFO] paintEvent: drawing rect PyQt5.QtCore.QRect(3224, 227, 448, 936)
2025-12-29 23:14:00,180 [INFO] mouseMoveEvent while dragging: globalPos=PyQt5.QtCore.QPoint(3673, 1162) localPos=PyQt5.QtCore.QPoint(3673, 1162)
2025-12-29 23:14:00,183 [INFO] paintEvent: drawing rect PyQt5.QtCore.QRect(3224, 227, 450, 936)
2025-12-29 23:14:00,197 [INFO] mouseMoveEvent while dragging: globalPos=PyQt5.QtCore.QPoint(3675, 1164) localPos=PyQt5.QtCore.QPoint(3675, 1164)
2025-12-29 23:14:00,199 [INFO] paintEvent: drawing rect PyQt5.QtCore.QRect(3224, 227, 452, 938)
2025-12-29 23:14:00,205 [INFO] mouseMoveEvent while dragging: globalPos=PyQt5.QtCore.QPoint(3677, 1168) localPos=PyQt5.QtCore.QPoint(3677, 1168)
2025-12-29 23:14:00,208 [INFO] paintEvent: drawing rect PyQt5.QtCore.QRect(3224, 227, 454, 942)
2025-12-29 23:14:00,216 [INFO] mouseMoveEvent while dragging: globalPos=PyQt5.QtCore.QPoint(3677, 1169) localPos=PyQt5.QtCore.QPoint(3677, 1169)
2025-12-29 23:14:00,218 [INFO] paintEvent: drawing rect PyQt5.QtCore.QRect(3224, 227, 454, 943)
2025-12-29 23:14:00,227 [INFO] mouseMoveEvent while dragging: globalPos=PyQt5.QtCore.QPoint(3677, 1171) localPos=PyQt5.QtCore.QPoint(3677, 1171)
2025-12-29 23:14:00,230 [INFO] paintEvent: drawing rect PyQt5.QtCore.QRect(3224, 227, 454, 945)
2025-12-29 23:14:00,240 [INFO] mouseMoveEvent while dragging: globalPos=PyQt5.QtCore.QPoint(3679, 1174) localPos=PyQt5.QtCore.QPoint(3679, 1174)
2025-12-29 23:14:00,244 [INFO] paintEvent: drawing rect PyQt5.QtCore.QRect(3224, 227, 456, 948)
2025-12-29 23:14:00,252 [INFO] mouseMoveEvent while dragging: globalPos=PyQt5.QtCore.QPoint(3679, 1176) localPos=PyQt5.QtCore.QPoint(3679, 1176)
2025-12-29 23:14:00,254 [INFO] paintEvent: drawing rect PyQt5.QtCore.QRect(3224, 227, 456, 950)
2025-12-29 23:14:00,267 [INFO] mouseMoveEvent while dragging: globalPos=PyQt5.QtCore.QPoint(3680, 1177) localPos=PyQt5.QtCore.QPoint(3680, 1177)
2025-12-29 23:14:00,270 [INFO] paintEvent: drawing rect PyQt5.QtCore.QRect(3224, 227, 457, 951)
2025-12-29 23:14:00,289 [INFO] mouseMoveEvent while dragging: globalPos=PyQt5.QtCore.QPoint(3681, 1180) localPos=PyQt5.QtCore.QPoint(3681, 1180)
2025-12-29 23:14:00,295 [INFO] paintEvent: drawing rect PyQt5.QtCore.QRect(3224, 227, 458, 954)
2025-12-29 23:14:00,313 [INFO] mouseMoveEvent while dragging: globalPos=PyQt5.QtCore.QPoint(3681, 1181) localPos=PyQt5.QtCore.QPoint(3681, 1181)
2025-12-29 23:14:00,313 [INFO] mouseMoveEvent while dragging: globalPos=PyQt5.QtCore.QPoint(3681, 1182) localPos=PyQt5.QtCore.QPoint(3681, 1182)
2025-12-29 23:14:00,320 [INFO] paintEvent: drawing rect PyQt5.QtCore.QRect(3224, 227, 458, 956)
2025-12-29 23:14:00,340 [INFO] mouseMoveEvent while dragging: globalPos=PyQt5.QtCore.QPoint(3682, 1183) localPos=PyQt5.QtCore.QPoint(3682, 1183)
2025-12-29 23:14:00,345 [INFO] paintEvent: drawing rect PyQt5.QtCore.QRect(3224, 227, 459, 957)
2025-12-29 23:14:00,359 [INFO] mouseMoveEvent while dragging: globalPos=PyQt5.QtCore.QPoint(3682, 1188) localPos=PyQt5.QtCore.QPoint(3682, 1188)
2025-12-29 23:14:00,365 [INFO] paintEvent: drawing rect PyQt5.QtCore.QRect(3224, 227, 459, 962)
2025-12-29 23:14:00,383 [INFO] mouseMoveEvent while dragging: globalPos=PyQt5.QtCore.QPoint(3682, 1191) localPos=PyQt5.QtCore.QPoint(3682, 1191)
2025-12-29 23:14:00,386 [INFO] paintEvent: drawing rect PyQt5.QtCore.QRect(3224, 227, 459, 965)
2025-12-29 23:14:00,403 [INFO] mouseMoveEvent while dragging: globalPos=PyQt5.QtCore.QPoint(3682, 1197) localPos=PyQt5.QtCore.QPoint(3682, 1197)
2025-12-29 23:14:00,406 [INFO] paintEvent: drawing rect PyQt5.QtCore.QRect(3224, 227, 459, 971)
2025-12-29 23:14:00,423 [INFO] mouseMoveEvent while dragging: globalPos=PyQt5.QtCore.QPoint(3683, 1202) localPos=PyQt5.QtCore.QPoint(3683, 1202)
2025-12-29 23:14:00,426 [INFO] paintEvent: drawing rect PyQt5.QtCore.QRect(3224, 227, 460, 976)
2025-12-29 23:14:00,435 [INFO] mouseMoveEvent while dragging: globalPos=PyQt5.QtCore.QPoint(3683, 1207) localPos=PyQt5.QtCore.QPoint(3683, 1207)
2025-12-29 23:14:00,438 [INFO] paintEvent: drawing rect PyQt5.QtCore.QRect(3224, 227, 460, 981)
2025-12-29 23:14:00,449 [INFO] mouseMoveEvent while dragging: globalPos=PyQt5.QtCore.QPoint(3683, 1216) localPos=PyQt5.QtCore.QPoint(3683, 1216)
2025-12-29 23:14:00,453 [INFO] paintEvent: drawing rect PyQt5.QtCore.QRect(3224, 227, 460, 990)
2025-12-29 23:14:00,468 [INFO] mouseMoveEvent while dragging: globalPos=PyQt5.QtCore.QPoint(3684, 1221) localPos=PyQt5.QtCore.QPoint(3684, 1221)
2025-12-29 23:14:00,471 [INFO] paintEvent: drawing rect PyQt5.QtCore.QRect(3224, 227, 461, 995)
2025-12-29 23:14:00,488 [INFO] mouseMoveEvent while dragging: globalPos=PyQt5.QtCore.QPoint(3685, 1231) localPos=PyQt5.QtCore.QPoint(3685, 1231)
2025-12-29 23:14:00,496 [INFO] paintEvent: drawing rect PyQt5.QtCore.QRect(3224, 227, 462, 1005)
2025-12-29 23:14:00,510 [INFO] mouseMoveEvent while dragging: globalPos=PyQt5.QtCore.QPoint(3687, 1237) localPos=PyQt5.QtCore.QPoint(3687, 1237)
2025-12-29 23:14:00,516 [INFO] paintEvent: drawing rect PyQt5.QtCore.QRect(3224, 227, 464, 1011)
2025-12-29 23:14:00,533 [INFO] mouseMoveEvent while dragging: globalPos=PyQt5.QtCore.QPoint(3690, 1247) localPos=PyQt5.QtCore.QPoint(3690, 1247)
2025-12-29 23:14:00,537 [INFO] paintEvent: drawing rect PyQt5.QtCore.QRect(3224, 227, 467, 1021)
2025-12-29 23:14:00,551 [INFO] mouseMoveEvent while dragging: globalPos=PyQt5.QtCore.QPoint(3690, 1257) localPos=PyQt5.QtCore.QPoint(3690, 1257)
2025-12-29 23:14:00,556 [INFO] paintEvent: drawing rect PyQt5.QtCore.QRect(3224, 227, 467, 1031)
2025-12-29 23:14:00,570 [INFO] mouseMoveEvent while dragging: globalPos=PyQt5.QtCore.QPoint(3690, 1259) localPos=PyQt5.QtCore.QPoint(3690, 1259)
2025-12-29 23:14:00,575 [INFO] paintEvent: drawing rect PyQt5.QtCore.QRect(3224, 227, 467, 1033)
2025-12-29 23:14:00,586 [INFO] mouseMoveEvent while dragging: globalPos=PyQt5.QtCore.QPoint(3690, 1261) localPos=PyQt5.QtCore.QPoint(3690, 1261)
2025-12-29 23:14:00,589 [INFO] paintEvent: drawing rect PyQt5.QtCore.QRect(3224, 227, 467, 1035)
2025-12-29 23:14:00,604 [INFO] mouseMoveEvent while dragging: globalPos=PyQt5.QtCore.QPoint(3690, 1262) localPos=PyQt5.QtCore.QPoint(3690, 1262)
2025-12-29 23:14:00,607 [INFO] paintEvent: drawing rect PyQt5.QtCore.QRect(3224, 227, 467, 1036)
2025-12-29 23:14:00,620 [INFO] mouseMoveEvent while dragging: globalPos=PyQt5.QtCore.QPoint(3690, 1263) localPos=PyQt5.QtCore.QPoint(3690, 1263)
2025-12-29 23:14:00,620 [INFO] mouseMoveEvent while dragging: globalPos=PyQt5.QtCore.QPoint(3690, 1265) localPos=PyQt5.QtCore.QPoint(3690, 1265)
2025-12-29 23:14:00,622 [INFO] paintEvent: drawing rect PyQt5.QtCore.QRect(3224, 227, 467, 1039)
2025-12-29 23:14:00,635 [INFO] mouseMoveEvent while dragging: globalPos=PyQt5.QtCore.QPoint(3690, 1266) localPos=PyQt5.QtCore.QPoint(3690, 1266)
2025-12-29 23:14:00,637 [INFO] paintEvent: drawing rect PyQt5.QtCore.QRect(3224, 227, 467, 1040)
2025-12-29 23:14:00,647 [INFO] mouseMoveEvent while dragging: globalPos=PyQt5.QtCore.QPoint(3690, 1267) localPos=PyQt5.QtCore.QPoint(3690, 1267)
2025-12-29 23:14:00,649 [INFO] paintEvent: drawing rect PyQt5.QtCore.QRect(3224, 227, 467, 1041)
2025-12-29 23:14:00,668 [INFO] mouseMoveEvent while dragging: globalPos=PyQt5.QtCore.QPoint(3690, 1268) localPos=PyQt5.QtCore.QPoint(3690, 1268)
2025-12-29 23:14:00,669 [INFO] paintEvent: drawing rect PyQt5.QtCore.QRect(3224, 227, 467, 1042)
2025-12-29 23:14:00,683 [INFO] mouseMoveEvent while dragging: globalPos=PyQt5.QtCore.QPoint(3690, 1269) localPos=PyQt5.QtCore.QPoint(3690, 1269)
2025-12-29 23:14:00,685 [INFO] paintEvent: drawing rect PyQt5.QtCore.QRect(3224, 227, 467, 1043)
2025-12-29 23:14:00,700 [INFO] mouseMoveEvent while dragging: globalPos=PyQt5.QtCore.QPoint(3690, 1270) localPos=PyQt5.QtCore.QPoint(3690, 1270)
2025-12-29 23:14:00,702 [INFO] paintEvent: drawing rect PyQt5.QtCore.QRect(3224, 227, 467, 1044)
2025-12-29 23:14:00,892 [INFO] mouseReleaseEvent: button=1 globalPos=PyQt5.QtCore.QPoint(3690, 1270) localPos=PyQt5.QtCore.QPoint(3690, 1270) dragging=True
2025-12-29 23:14:00,893 [INFO] end draw: start PyQt5.QtCore.QPoint(3224, 227), end PyQt5.QtCore.QPoint(3690, 1270)
2025-12-29 23:14:00,894 [INFO] paintEvent: drawing rect PyQt5.QtCore.QRect(3224, 227, 467, 1044)
2025-12-29 23:14:04,275 [INFO] mousePressEvent: button=1 globalPos=PyQt5.QtCore.QPoint(3375, 617) localPos=PyQt5.QtCore.QPoint(3375, 617)
2025-12-29 23:14:04,380 [INFO] mouseReleaseEvent: button=1 globalPos=PyQt5.QtCore.QPoint(3375, 617) localPos=PyQt5.QtCore.QPoint(3375, 617) dragging=True
2025-12-29 23:14:04,380 [INFO] end draw: start PyQt5.QtCore.QPoint(3375, 617), end PyQt5.QtCore.QPoint(3375, 617)
2025-12-29 23:14:05,292 [INFO] mousePressEvent: button=1 globalPos=PyQt5.QtCore.QPoint(3336, 485) localPos=PyQt5.QtCore.QPoint(3336, 485)
2025-12-29 23:14:05,323 [INFO] mouseMoveEvent while dragging: globalPos=PyQt5.QtCore.QPoint(3336, 486) localPos=PyQt5.QtCore.QPoint(3336, 486)
2025-12-29 23:14:05,326 [INFO] paintEvent: drawing rect PyQt5.QtCore.QRect(3336, 485, 1, 2)
2025-12-29 23:14:05,336 [INFO] mouseMoveEvent while dragging: globalPos=PyQt5.QtCore.QPoint(3338, 494) localPos=PyQt5.QtCore.QPoint(3338, 494)
2025-12-29 23:14:05,338 [INFO] paintEvent: drawing rect PyQt5.QtCore.QRect(3336, 485, 3, 10)
2025-12-29 23:14:05,346 [INFO] mouseMoveEvent while dragging: globalPos=PyQt5.QtCore.QPoint(3342, 504) localPos=PyQt5.QtCore.QPoint(3342, 504)
2025-12-29 23:14:05,349 [INFO] paintEvent: drawing rect PyQt5.QtCore.QRect(3336, 485, 7, 20)
2025-12-29 23:14:05,355 [INFO] mouseMoveEvent while dragging: globalPos=PyQt5.QtCore.QPoint(3344, 511) localPos=PyQt5.QtCore.QPoint(3344, 511)
2025-12-29 23:14:05,358 [INFO] paintEvent: drawing rect PyQt5.QtCore.QRect(3336, 485, 9, 27)
2025-12-29 23:14:05,372 [INFO] mouseMoveEvent while dragging: globalPos=PyQt5.QtCore.QPoint(3356, 530) localPos=PyQt5.QtCore.QPoint(3356, 530)
2025-12-29 23:14:05,375 [INFO] paintEvent: drawing rect PyQt5.QtCore.QRect(3336, 485, 21, 46)
2025-12-29 23:14:05,380 [INFO] mouseMoveEvent while dragging: globalPos=PyQt5.QtCore.QPoint(3367, 554) localPos=PyQt5.QtCore.QPoint(3367, 554)
2025-12-29 23:14:05,382 [INFO] paintEvent: drawing rect PyQt5.QtCore.QRect(3336, 485, 32, 70)
2025-12-29 23:14:05,388 [INFO] mouseMoveEvent while dragging: globalPos=PyQt5.QtCore.QPoint(3382, 590) localPos=PyQt5.QtCore.QPoint(3382, 590)
2025-12-29 23:14:05,391 [INFO] paintEvent: drawing rect PyQt5.QtCore.QRect(3336, 485, 47, 106)
2025-12-29 23:14:05,400 [INFO] mouseMoveEvent while dragging: globalPos=PyQt5.QtCore.QPoint(3388, 605) localPos=PyQt5.QtCore.QPoint(3388, 605)
2025-12-29 23:14:05,402 [INFO] paintEvent: drawing rect PyQt5.QtCore.QRect(3336, 485, 53, 121)
2025-12-29 23:14:05,414 [INFO] mouseMoveEvent while dragging: globalPos=PyQt5.QtCore.QPoint(3395, 621) localPos=PyQt5.QtCore.QPoint(3395, 621)
2025-12-29 23:14:05,418 [INFO] paintEvent: drawing rect PyQt5.QtCore.QRect(3336, 485, 60, 137)
2025-12-29 23:14:05,425 [INFO] mouseMoveEvent while dragging: globalPos=PyQt5.QtCore.QPoint(3419, 680) localPos=PyQt5.QtCore.QPoint(3419, 680)
2025-12-29 23:14:05,428 [INFO] paintEvent: drawing rect PyQt5.QtCore.QRect(3336, 485, 84, 196)
2025-12-29 23:14:05,433 [INFO] mouseMoveEvent while dragging: globalPos=PyQt5.QtCore.QPoint(3426, 695) localPos=PyQt5.QtCore.QPoint(3426, 695)
2025-12-29 23:14:05,436 [INFO] paintEvent: drawing rect PyQt5.QtCore.QRect(3336, 485, 91, 211)
2025-12-29 23:14:05,444 [INFO] mouseMoveEvent while dragging: globalPos=PyQt5.QtCore.QPoint(3443, 731) localPos=PyQt5.QtCore.QPoint(3443, 731)
2025-12-29 23:14:05,447 [INFO] paintEvent: drawing rect PyQt5.QtCore.QRect(3336, 485, 108, 247)
2025-12-29 23:14:05,458 [INFO] mouseMoveEvent while dragging: globalPos=PyQt5.QtCore.QPoint(3467, 772) localPos=PyQt5.QtCore.QPoint(3467, 772)
2025-12-29 23:14:05,462 [INFO] paintEvent: drawing rect PyQt5.QtCore.QRect(3336, 485, 132, 288)
2025-12-29 23:14:05,470 [INFO] mouseMoveEvent while dragging: globalPos=PyQt5.QtCore.QPoint(3472, 781) localPos=PyQt5.QtCore.QPoint(3472, 781)
2025-12-29 23:14:05,470 [INFO] mouseMoveEvent while dragging: globalPos=PyQt5.QtCore.QPoint(3474, 786) localPos=PyQt5.QtCore.QPoint(3474, 786)
2025-12-29 23:14:05,473 [INFO] paintEvent: drawing rect PyQt5.QtCore.QRect(3336, 485, 139, 302)
2025-12-29 23:14:05,480 [INFO] mouseMoveEvent while dragging: globalPos=PyQt5.QtCore.QPoint(3478, 791) localPos=PyQt5.QtCore.QPoint(3478, 791)
2025-12-29 23:14:05,483 [INFO] paintEvent: drawing rect PyQt5.QtCore.QRect(3336, 485, 143, 307)
2025-12-29 23:14:05,490 [INFO] mouseMoveEvent while dragging: globalPos=PyQt5.QtCore.QPoint(3479, 792) localPos=PyQt5.QtCore.QPoint(3479, 792)
2025-12-29 23:14:05,493 [INFO] paintEvent: drawing rect PyQt5.QtCore.QRect(3336, 485, 144, 308)
2025-12-29 23:14:05,506 [INFO] mouseMoveEvent while dragging: globalPos=PyQt5.QtCore.QPoint(3480, 794) localPos=PyQt5.QtCore.QPoint(3480, 794)
2025-12-29 23:14:05,511 [INFO] paintEvent: drawing rect PyQt5.QtCore.QRect(3336, 485, 145, 310)
2025-12-29 23:14:05,524 [INFO] mouseReleaseEvent: button=1 globalPos=PyQt5.QtCore.QPoint(3480, 794) localPos=PyQt5.QtCore.QPoint(3480, 794) dragging=True
2025-12-29 23:14:05,525 [INFO] end draw: start PyQt5.QtCore.QPoint(3336, 485), end PyQt5.QtCore.QPoint(3480, 794)
2025-12-29 23:14:05,531 [INFO] paintEvent: drawing rect PyQt5.QtCore.QRect(3336, 485, 145, 310)
2025-12-29 23:14:05,972 [INFO] mousePressEvent: button=1 globalPos=PyQt5.QtCore.QPoint(3449, 524) localPos=PyQt5.QtCore.QPoint(3449, 524)
2025-12-29 23:14:06,068 [INFO] mouseReleaseEvent: button=1 globalPos=PyQt5.QtCore.QPoint(3449, 524) localPos=PyQt5.QtCore.QPoint(3449, 524) dragging=True
2025-12-29 23:14:06,068 [INFO] end draw: start PyQt5.QtCore.QPoint(3449, 524), end PyQt5.QtCore.QPoint(3449, 524)
2025-12-29 23:14:07,532 [INFO] mousePressEvent: button=1 globalPos=PyQt5.QtCore.QPoint(2202, 28) localPos=PyQt5.QtCore.QPoint(2202, 28)
2025-12-29 23:14:07,595 [INFO] mouseMoveEvent while dragging: globalPos=PyQt5.QtCore.QPoint(2201, 28) localPos=PyQt5.QtCore.QPoint(2201, 28)
2025-12-29 23:14:07,597 [INFO] paintEvent: drawing rect PyQt5.QtCore.QRect(2202, 28, 0, 1)
2025-12-29 23:14:07,644 [INFO] mouseReleaseEvent: button=1 globalPos=PyQt5.QtCore.QPoint(2201, 28) localPos=PyQt5.QtCore.QPoint(2201, 28) dragging=True
2025-12-29 23:14:07,644 [INFO] end draw: start PyQt5.QtCore.QPoint(2202, 28), end PyQt5.QtCore.QPoint(2201, 28)
2025-12-29 23:14:07,647 [INFO] paintEvent: drawing rect PyQt5.QtCore.QRect(2202, 28, 0, 1)
2025-12-29 23:14:08,460 [INFO] Key pressed: Key.esc
2025-12-29 23:14:08,460 [INFO] ESC pressed: quitting
2025-12-29 23:14:08,461 [INFO] Quit requested via hotkey
2025-12-29 23:14:08,462 [INFO] Qt event loop exited with code 0
2025-12-29 23:14:08,462 [INFO] Global hotkeys listener stopped
